# JRE version: Java(TM) SE Runtime Environment (13.0.1+9) (build 13.0.1+9)
# Java VM: Java HotSpot(TM) 64-Bit Server VM (13.0.1+9, mixed mode, sharing, tiered, compressed oops, g1 gc, windows-amd64)
Heap:
 garbage-first heap   total 169984K, used 28438K [0x0000000702600000, 0x0000000800000000)
  region size 1024K, 1 young (1024K), 1 survivors (1024K)
 Metaspace       used 41059K, capacity 42204K, committed 42624K, reserved 1085440K
  class space    used 5221K, capacity 5642K, committed 5760K, reserved 1048576K
GC Heap History (20 events):
Event: 12446.750 GC heap after
{Heap after GC invocations=96643 (full 0):
 garbage-first heap   total 114688K, used 28390K [0x0000000702600000, 0x0000000800000000)
  region size 1024K, 2 young (2048K), 2 survivors (2048K)
 Metaspace       used 41059K, capacity 42204K, committed 42624K, reserved 1085440K
  class space    used 5221K, capacity 5642K, committed 5760K, reserved 1048576K
}
Event: 12446.792 GC heap before
{Heap before GC invocations=96644 (full 0):
 garbage-first heap   total 114688K, used 37606K [0x0000000702600000, 0x0000000800000000)
  region size 1024K, 11 young (11264K), 2 survivors (2048K)
 Metaspace       used 41059K, capacity 42204K, committed 42624K, reserved 1085440K
  class space    used 5221K, capacity 5642K, committed 5760K, reserved 1048576K
}
Event: 12446.795 GC heap after
{Heap after GC invocations=96645 (full 0):
 garbage-first heap   total 114688K, used 28424K [0x0000000702600000, 0x0000000800000000)
  region size 1024K, 1 young (1024K), 1 survivors (1024K)
 Metaspace       used 41059K, capacity 42204K, committed 42624K, reserved 1085440K
  class space    used 5221K, capacity 5642K, committed 5760K, reserved 1048576K
}
Event: 12446.850 GC heap before
{Heap before GC invocations=96646 (full 0):
 garbage-first heap   total 114688K, used 42760K [0x0000000702600000, 0x0000000800000000)
  region size 1024K, 14 young (14336K), 1 survivors (1024K)
 Metaspace       used 41059K, capacity 42204K, committed 42624K, reserved 1085440K
  class space    used 5221K, capacity 5642K, committed 5760K, reserved 1048576K
}
Event: 12446.853 GC heap after
{Heap after GC invocations=96647 (full 0):
 garbage-first heap   total 138240K, used 28434K [0x0000000702600000, 0x0000000800000000)
  region size 1024K, 1 young (1024K), 1 survivors (1024K)
 Metaspace       used 41059K, capacity 42204K, committed 42624K, reserved 1085440K
  class space    used 5221K, capacity 5642K, committed 5760K, reserved 1048576K
}
Event: 12446.899 GC heap before
{Heap before GC invocations=96648 (full 0):
 garbage-first heap   total 126976K, used 37650K [0x0000000702600000, 0x0000000800000000)
  region size 1024K, 10 young (10240K), 1 survivors (1024K)
 Metaspace       used 41059K, capacity 42204K, committed 42624K, reserved 1085440K
  class space    used 5221K, capacity 5642K, committed 5760K, reserved 1048576K
}
Event: 12446.901 GC heap after
{Heap after GC invocations=96649 (full 0):
 garbage-first heap   total 126976K, used 28433K [0x0000000702600000, 0x0000000800000000)
  region size 1024K, 1 young (1024K), 1 survivors (1024K)
 Metaspace       used 41059K, capacity 42204K, committed 42624K, reserved 1085440K
  class space    used 5221K, capacity 5642K, committed 5760K, reserved 1048576K
}
Event: 12446.940 GC heap before
{Heap before GC invocations=96650 (full 0):
 garbage-first heap   total 126976K, used 37649K [0x0000000702600000, 0x0000000800000000)
  region size 1024K, 10 young (10240K), 1 survivors (1024K)
 Metaspace       used 41059K, capacity 42204K, committed 42624K, reserved 1085440K
  class space    used 5221K, capacity 5642K, committed 5760K, reserved 1048576K
}
Event: 12446.943 GC heap after
{Heap after GC invocations=96651 (full 0):
 garbage-first heap   total 126976K, used 28425K [0x0000000702600000, 0x0000000800000000)
  region size 1024K, 1 young (1024K), 1 survivors (1024K)
 Metaspace       used 41059K, capacity 42204K, committed 42624K, reserved 1085440K
  class space    used 5221K, capacity 5642K, committed 5760K, reserved 1048576K
}
Event: 12446.983 GC heap before
{Heap before GC invocations=96652 (full 0):
 garbage-first heap   total 126976K, used 37641K [0x0000000702600000, 0x0000000800000000)
  region size 1024K, 10 young (10240K), 1 survivors (1024K)
 Metaspace       used 41059K, capacity 42204K, committed 42624K, reserved 1085440K
  class space    used 5221K, capacity 5642K, committed 5760K, reserved 1048576K
}
Event: 12446.985 GC heap after
{Heap after GC invocations=96653 (full 0):
 garbage-first heap   total 126976K, used 28437K [0x0000000702600000, 0x0000000800000000)
  region size 1024K, 1 young (1024K), 1 survivors (1024K)
 Metaspace       used 41059K, capacity 42204K, committed 42624K, reserved 1085440K
  class space    used 5221K, capacity 5642K, committed 5760K, reserved 1048576K
}
Event: 12447.025 GC heap before
{Heap before GC invocations=96654 (full 0):
 garbage-first heap   total 126976K, used 37653K [0x0000000702600000, 0x0000000800000000)
  region size 1024K, 10 young (10240K), 1 survivors (1024K)
 Metaspace       used 41059K, capacity 42204K, committed 42624K, reserved 1085440K
  class space    used 5221K, capacity 5642K, committed 5760K, reserved 1048576K
}
Event: 12447.028 GC heap after
{Heap after GC invocations=96655 (full 0):
 garbage-first heap   total 154624K, used 28439K [0x0000000702600000, 0x0000000800000000)
  region size 1024K, 1 young (1024K), 1 survivors (1024K)
 Metaspace       used 41059K, capacity 42204K, committed 42624K, reserved 1085440K
  class space    used 5221K, capacity 5642K, committed 5760K, reserved 1048576K
}
Event: 12447.076 GC heap before
{Heap before GC invocations=96656 (full 0):
 garbage-first heap   total 122880K, used 37655K [0x0000000702600000, 0x0000000800000000)
  region size 1024K, 10 young (10240K), 1 survivors (1024K)
 Metaspace       used 41059K, capacity 42204K, committed 42624K, reserved 1085440K
  class space    used 5221K, capacity 5642K, committed 5760K, reserved 1048576K
}
Event: 12447.078 GC heap after
{Heap after GC invocations=96657 (full 0):
 garbage-first heap   total 122880K, used 28441K [0x0000000702600000, 0x0000000800000000)
  region size 1024K, 1 young (1024K), 1 survivors (1024K)
 Metaspace       used 41059K, capacity 42204K, committed 42624K, reserved 1085440K
  class space    used 5221K, capacity 5642K, committed 5760K, reserved 1048576K
}
Event: 12447.142 GC heap before
{Heap before GC invocations=96658 (full 0):
 garbage-first heap   total 122880K, used 42777K [0x0000000702600000, 0x0000000800000000)
  region size 1024K, 14 young (14336K), 1 survivors (1024K)
 Metaspace       used 41059K, capacity 42204K, committed 42624K, reserved 1085440K
  class space    used 5221K, capacity 5642K, committed 5760K, reserved 1048576K
}
Event: 12447.144 GC heap after
{Heap after GC invocations=96659 (full 0):
 garbage-first heap   total 122880K, used 28429K [0x0000000702600000, 0x0000000800000000)
  region size 1024K, 1 young (1024K), 1 survivors (1024K)
 Metaspace       used 41059K, capacity 42204K, committed 42624K, reserved 1085440K
  class space    used 5221K, capacity 5642K, committed 5760K, reserved 1048576K
}
Event: 12447.184 GC heap before
{Heap before GC invocations=96660 (full 0):
 garbage-first heap   total 122880K, used 37645K [0x0000000702600000, 0x0000000800000000)
  region size 1024K, 10 young (10240K), 1 survivors (1024K)
 Metaspace       used 41059K, capacity 42204K, committed 42624K, reserved 1085440K
  class space    used 5221K, capacity 5642K, committed 5760K, reserved 1048576K
}
Event: 12447.186 GC heap after
{Heap after GC invocations=96661 (full 0):
 garbage-first heap   total 122880K, used 28435K [0x0000000702600000, 0x0000000800000000)
  region size 1024K, 1 young (1024K), 1 survivors (1024K)
 Metaspace       used 41059K, capacity 42204K, committed 42624K, reserved 1085440K
  class space    used 5221K, capacity 5642K, committed 5760K, reserved 1048576K
}
Event: 12447.237 GC heap before
{Heap before GC invocations=96662 (full 0):
 garbage-first heap   total 122880K, used 42771K [0x0000000702600000, 0x0000000800000000)
  region size 1024K, 14 young (14336K), 1 survivors (1024K)
 Metaspace       used 41059K, capacity 42204K, committed 42624K, reserved 1085440K
  class space    used 5221K, capacity 5642K, committed 5760K, reserved 1048576K
}

